\BOOKMARK [0][-]{chapter.1}{\376\377\000I\000n\000t\000r\000o\000d\000u\000\347\000\343\000o\000\040}{}% 1
\BOOKMARK [1][-]{section.1.1}{\376\377\000D\000i\000c\000a\000s\000\040\000p\000a\000r\000a\000\040\000o\000\040\000R\000e\000l\000a\000t\000\363\000r\000i\000o\000\040\000T\000\351\000c\000n\000i\000c\000o\000\040\000d\000e\000\040\000E\000s\000t\000\341\000g\000i\000o\000\040\000C\000u\000r\000r\000i\000c\000u\000l\000a\000r}{chapter.1}% 2
\BOOKMARK [2][-]{subsection.1.1.1}{\376\377\000L\000o\000c\000a\000l\000\040\000d\000o\000\040\000e\000s\000t\000\341\000g\000i\000o}{section.1.1}% 3
\BOOKMARK [1][-]{section.1.2}{\376\377\000T\000e\000m\000a\000\040\000e\000\040\000o\000p\000o\000r\000t\000u\000n\000i\000d\000a\000d\000e\000s\000\040\000d\000o\000\040\000e\000s\000t\000\341\000g\000i\000o\000\040\000t\000\351\000c\000n\000i\000c\000o}{chapter.1}% 4
\BOOKMARK [2][-]{subsection.1.2.1}{\376\377\000O\000b\000j\000e\000t\000i\000v\000o\000s}{section.1.2}% 5
\BOOKMARK [1][-]{section.1.3}{\376\377\000F\000e\000r\000r\000a\000m\000e\000n\000t\000a\000s\000\040\000u\000t\000i\000l\000i\000z\000a\000d\000a\000s}{chapter.1}% 6
\BOOKMARK [1][-]{section.1.4}{\376\377\000C\000o\000n\000t\000r\000i\000b\000u\000i\000\347\000\365\000e\000s\000\040\000o\000u\000\040\000a\000t\000i\000v\000i\000d\000a\000d\000e\000s\000\040\000d\000e\000s\000e\000n\000v\000o\000l\000v\000i\000d\000a\000s}{chapter.1}% 7
\BOOKMARK [1][-]{section.1.5}{\376\377\000C\000o\000m\000e\000n\000t\000\341\000r\000i\000o\000s\000\040\000f\000i\000n\000a\000i\000s}{chapter.1}% 8
\BOOKMARK [0][-]{chapter.2}{\376\377\000D\000i\000c\000a\000s\000\040\000d\000o\000\040\000L\000a\000T\000e\000X}{}% 9
\BOOKMARK [1][-]{section.2.1}{\376\377\000P\000o\000r\000\040\000q\000u\000e\000\040\000L\000a\000T\000e\000X\000?}{chapter.2}% 10
\BOOKMARK [1][-]{section.2.2}{\376\377\000O\000\040\000j\000e\000i\000t\000o\000\040\000L\000a\000T\000e\000X\000\040\000d\000e\000\040\000e\000d\000i\000t\000a\000r\000\040\000t\000e\000x\000t\000o}{chapter.2}% 11
\BOOKMARK [2][-]{subsection.2.2.1}{\376\377\000C\000i\000t\000a\000\347\000\365\000e\000s\000\040\000e\000\040\000r\000e\000f\000e\000r\000\352\000n\000c\000i\000a\000s\000\040\000c\000r\000u\000z\000a\000d\000a\000s}{section.2.2}% 12
\BOOKMARK [2][-]{subsection.2.2.2}{\376\377\000C\000o\000m\000e\000n\000t\000\341\000r\000i\000o\000s}{section.2.2}% 13
\BOOKMARK [2][-]{subsection.2.2.3}{\376\377\000E\000s\000t\000i\000l\000o\000\040\000d\000e\000\040\000f\000o\000n\000t\000e\000s\000\040\000p\000a\000r\000a\000\040\000d\000e\000s\000t\000a\000c\000a\000r\000\040\000t\000e\000x\000t\000o}{section.2.2}% 14
\BOOKMARK [2][-]{subsection.2.2.4}{\376\377\000E\000s\000p\000a\000\347\000o\000s\000\040\000e\000\040\000m\000u\000d\000a\000n\000\347\000a\000\040\000d\000e\000\040\000l\000i\000n\000h\000a}{section.2.2}% 15
\BOOKMARK [2][-]{subsection.2.2.5}{\376\377\000L\000i\000s\000t\000a\000s}{section.2.2}% 16
\BOOKMARK [1][-]{section.2.3}{\376\377\000D\000i\000f\000e\000r\000e\000n\000c\000i\000a\000n\000d\000o\000\040\000f\000o\000r\000m\000a\000t\000a\000\347\000\343\000o\000\040\000p\000a\000r\000a\000\040\000m\000a\000t\000e\000m\000\341\000t\000i\000c\000a\000,\000\040\000t\000e\000x\000t\000o\000,\000\040\000o\000p\000e\000r\000a\000d\000o\000r\000e\000s\000\040\000o\000u\000\040\000f\000u\000n\000\347\000\365\000e\000s}{chapter.2}% 17
\BOOKMARK [2][-]{subsection.2.3.1}{\376\377\000E\000x\000p\000r\000e\000s\000s\000\365\000e\000s\000\040\000m\000a\000t\000e\000m\000\341\000t\000i\000c\000a\000s\000\040\000e\000s\000t\000i\000l\000o\000\040\000i\000n\000l\000i\000n\000e}{section.2.3}% 18
\BOOKMARK [2][-]{subsection.2.3.2}{\376\377\000E\000x\000p\000r\000e\000s\000s\000\365\000e\000s\000\040\000m\000a\000t\000e\000m\000\341\000t\000i\000c\000a\000s\000\040\000e\000s\000t\000i\000l\000o\000\040\000e\000q\000u\000a\000\347\000\343\000o}{section.2.3}% 19
\BOOKMARK [1][-]{section.2.4}{\376\377\000F\000i\000g\000u\000r\000a\000s}{chapter.2}% 20
\BOOKMARK [1][-]{section.2.5}{\376\377\000E\000d\000i\000\347\000\343\000o\000\040\000e\000\040\000f\000o\000r\000m\000a\000t\000a\000\347\000\343\000o\000\040\000d\000e\000\040\000S\000i\000s\000t\000e\000m\000a\000s\000\040\000d\000e\000\040\000U\000n\000i\000d\000a\000d\000e\000s}{chapter.2}% 21
\BOOKMARK [1][-]{section.2.6}{\376\377\000C\000o\000m\000e\000n\000t\000\341\000r\000i\000o\000s\000\040\000f\000i\000n\000a\000i\000s}{chapter.2}% 22
\BOOKMARK [0][-]{chapter.3}{\376\377\000R\000e\000c\000o\000m\000e\000n\000d\000a\000\347\000\365\000e\000s\000\040\000p\000a\000r\000a\000\040\000e\000l\000a\000b\000o\000r\000a\000\347\000\343\000o\000\040\000d\000e\000\040\000p\000r\000o\000p\000o\000s\000t\000a\000\040\000d\000e\000\040\000p\000r\000o\000j\000e\000t\000o}{}% 23
\BOOKMARK [1][-]{section.3.1}{\376\377\000T\000\355\000t\000u\000l\000o\000\040\000d\000o\000\040\000p\000r\000o\000j\000e\000t\000o}{chapter.3}% 24
\BOOKMARK [1][-]{section.3.2}{\376\377\000A\000u\000t\000o\000r\000\040\000e\000\040\000o\000r\000i\000e\000n\000t\000a\000d\000o\000r\000e\000s}{chapter.3}% 25
\BOOKMARK [1][-]{section.3.3}{\376\377\000R\000e\000s\000u\000m\000o}{chapter.3}% 26
\BOOKMARK [1][-]{section.3.4}{\376\377\000O\000b\000j\000e\000t\000i\000v\000o\000s}{chapter.3}% 27
\BOOKMARK [1][-]{section.3.5}{\376\377\000J\000u\000s\000t\000i\000f\000i\000c\000a\000t\000i\000v\000a}{chapter.3}% 28
\BOOKMARK [1][-]{section.3.6}{\376\377\000P\000l\000a\000n\000o\000\040\000d\000e\000\040\000T\000r\000a\000b\000a\000l\000h\000o}{chapter.3}% 29
\BOOKMARK [1][-]{section.3.7}{\376\377\000R\000e\000c\000u\000r\000s\000o\000s\000\040\000f\000i\000n\000a\000n\000c\000e\000i\000r\000o\000s\000\040\000e\000\040\000i\000n\000f\000r\000a\000e\000s\000t\000r\000a\000t\000u\000r\000a}{chapter.3}% 30
\BOOKMARK [1][-]{section.3.8}{\376\377\000R\000e\000s\000u\000l\000t\000a\000d\000o\000s\000\040\000e\000s\000p\000e\000r\000a\000d\000o\000s}{chapter.3}% 31
\BOOKMARK [2][-]{subsection.3.8.1}{\376\377\000P\000\372\000b\000l\000i\000c\000o\000\040\000A\000l\000v\000o}{section.3.8}% 32
\BOOKMARK [2][-]{subsection.3.8.2}{\376\377\000P\000u\000b\000l\000i\000c\000a\000\347\000\365\000e\000s}{section.3.8}% 33
\BOOKMARK [1][-]{section.3.9}{\376\377\000A\000p\000r\000o\000v\000a\000\347\000\343\000o}{chapter.3}% 34
\BOOKMARK [1][-]{section.3.10}{\376\377\000E\000x\000e\000m\000p\000l\000o\000s\000\040\000d\000e\000\040\000t\000\363\000p\000i\000c\000o\000s\000\040\000d\000e\000\040\000p\000r\000o\000j\000e\000t\000o\000s}{chapter.3}% 35
\BOOKMARK [1][-]{section.3.11}{\376\377\000R\000e\000l\000a\000t\000\363\000r\000i\000o\000\040\000d\000e\000\040\000a\000t\000i\000v\000i\000d\000a\000d\000e\000s}{chapter.3}% 36
\BOOKMARK [1][-]{section.3.12}{\376\377\000C\000o\000m\000e\000n\000t\000\341\000r\000i\000o\000s\000\040\000f\000i\000n\000a\000i\000s}{chapter.3}% 37
\BOOKMARK [0][-]{chapter.4}{\376\377\000M\000e\000t\000o\000d\000o\000l\000o\000g\000i\000a\000\040\000p\000a\000r\000a\000\040\000r\000e\000s\000o\000l\000u\000\347\000\343\000o\000\040\000d\000e\000\040\000p\000r\000o\000b\000l\000e\000m\000a\000s}{}% 38
\BOOKMARK [1][-]{section.4.1}{\376\377\000S\000e\000t\000e\000\040\000P\000a\000s\000s\000o\000s\000\040\000p\000a\000r\000a\000\040\000R\000e\000s\000o\000l\000v\000e\000r\000\040\000P\000r\000o\000b\000l\000e\000m\000a\000s}{chapter.4}% 39
\BOOKMARK [1][-]{section.4.2}{\376\377\000Q\000u\000e\000s\000t\000\365\000e\000s\000\040\000c\000a\000r\000a\000c\000t\000e\000r\000\355\000s\000t\000i\000c\000a\000s\000\040\000d\000e\000\040\000u\000m\000a\000\040\000b\000o\000a\000\040\000r\000e\000s\000o\000l\000u\000\347\000\343\000o\000\040\000d\000e\000\040\000p\000r\000o\000b\000l\000e\000m\000a\000s}{chapter.4}% 40
\BOOKMARK [1][-]{section.4.3}{\376\377\000M\000\351\000t\000o\000d\000o\000s\000\040\000d\000e\000\040\000d\000i\000v\000i\000s\000\343\000o\000\040\000d\000o\000\040\000p\000r\000o\000b\000l\000e\000m\000a}{chapter.4}% 41
\BOOKMARK [1][-]{section.4.4}{\376\377\000E\000l\000e\000m\000e\000n\000t\000o\000s\000\040\000c\000h\000a\000v\000e\000s\000\040\000p\000a\000r\000a\000\040\000a\000\040\000r\000e\000s\000o\000l\000u\000\347\000\343\000o\000\040\000d\000e\000\040\000p\000r\000o\000b\000l\000e\000m\000a\000s\000\040\000e\000m\000\040\000g\000r\000u\000p\000o}{chapter.4}% 42
\BOOKMARK [1][-]{section.4.5}{\376\377\000O\000r\000g\000a\000n\000i\000z\000a\000\347\000\343\000o\000\040\000e\000\040\000E\000s\000t\000r\000u\000t\000u\000r\000a}{chapter.4}% 43
\BOOKMARK [1][-]{section.4.6}{\376\377\000E\000s\000q\000u\000e\000m\000a\000s\000\040\000d\000e\000\040\000o\000r\000g\000a\000n\000i\000z\000a\000\347\000\343\000o\000\040\000e\000\040\000a\000p\000r\000e\000s\000e\000n\000t\000a\000\347\000\343\000o\000\040\000d\000o\000s\000\040\000t\000\363\000p\000i\000c\000o\000s}{chapter.4}% 44
\BOOKMARK [1][-]{section.4.7}{\376\377\000A\000n\000\341\000l\000i\000s\000e\000\040\000d\000e\000\040\000I\000m\000p\000a\000c\000t\000o}{chapter.4}% 45
\BOOKMARK [1][-]{section.4.8}{\376\377\000P\000r\000e\000p\000a\000r\000a\000n\000d\000o\000-\000s\000e\000\040\000p\000a\000r\000a\000\040\000u\000m\000a\000\040\000e\000n\000t\000r\000e\000v\000i\000s\000t\000a\000\040\000o\000u\000\040\000r\000e\000u\000n\000i\000\343\000o\000\040}{chapter.4}% 46
\BOOKMARK [1][-]{section.4.9}{\376\377\000E\000n\000t\000r\000e\000v\000i\000s\000t\000a}{chapter.4}% 47
\BOOKMARK [1][-]{section.4.10}{\376\377\000P\000a\000r\000a\000\040\000s\000e\000\040\000t\000e\000r\000\040\000e\000m\000\040\000m\000e\000n\000t\000e}{chapter.4}% 48
\BOOKMARK [1][-]{section.4.11}{\376\377\000E\000n\000g\000a\000n\000o\000s\000\040\000c\000o\000m\000u\000n\000s}{chapter.4}% 49
\BOOKMARK [1][-]{section.4.12}{\376\377\000C\000o\000m\000e\000n\000t\000\341\000r\000i\000o\000s\000\040\000f\000i\000n\000a\000i\000s}{chapter.4}% 50
\BOOKMARK [0][-]{chapter.5}{\376\377\000C\000r\000i\000t\000\351\000r\000i\000o\000s\000\040\000d\000e\000\040\000a\000v\000a\000l\000i\000a\000\347\000\343\000o}{}% 51
\BOOKMARK [1][-]{section.5.1}{\376\377\000T\000a\000b\000e\000l\000a\000\040\000d\000e\000\040\000a\000v\000a\000l\000i\000a\000\347\000\343\000o\000\040\000d\000o\000\040\000r\000e\000l\000a\000t\000\363\000r\000i\000o\000\040\000t\000\351\000c\000n\000i\000c\000o}{chapter.5}% 52
\BOOKMARK [1][-]{section.5.2}{\376\377\000T\000a\000b\000e\000l\000a\000\040\000d\000e\000\040\000a\000v\000a\000l\000i\000a\000\347\000\343\000o\000\040\000d\000o\000\040\000s\000e\000m\000i\000n\000\341\000r\000i\000o\000\040\000d\000e\000\040\000d\000e\000f\000e\000s\000a}{chapter.5}% 53
\BOOKMARK [1][-]{section.5.3}{\376\377\000A\000v\000a\000l\000i\000a\000\347\000\343\000o\000\040\000F\000i\000n\000a\000l}{chapter.5}% 54
\BOOKMARK [1][-]{section.5.4}{\376\377\000S\000u\000g\000e\000s\000t\000\365\000e\000s\000\040\000p\000a\000r\000a\000\040\000c\000o\000m\000p\000o\000s\000i\000\347\000\343\000o\000\040\000d\000e\000\040\000u\000m\000a\000\040\000a\000p\000r\000e\000s\000e\000n\000t\000a\000\347\000\343\000o\000\040\000c\000o\000m\000\040\000s\000l\000i\000d\000e\000s}{chapter.5}% 55
\BOOKMARK [1][-]{section.5.5}{\376\377\000C\000o\000m\000e\000n\000t\000\341\000r\000i\000o\000s\000\040\000f\000i\000n\000a\000i\000s}{chapter.5}% 56
\BOOKMARK [0][-]{chapter.6}{\376\377\000C\000o\000n\000c\000l\000u\000s\000\365\000e\000s\000\040\000e\000\040\000s\000u\000g\000e\000s\000t\000\365\000e\000s\000\040\000d\000e\000\040\000t\000r\000a\000b\000a\000l\000h\000o\000\040\000f\000u\000t\000u\000r\000o}{}% 57
\BOOKMARK [1][-]{section.6.1}{\376\377\000C\000o\000n\000c\000l\000u\000s\000\365\000e\000s}{chapter.6}% 58
\BOOKMARK [1][-]{section.6.2}{\376\377\000P\000r\000o\000p\000o\000s\000t\000a\000s\000\040\000d\000e\000\040\000T\000r\000a\000b\000a\000l\000h\000o\000\040\000f\000u\000t\000u\000r\000o\000.}{chapter.6}% 59
\BOOKMARK [1][-]{section.6.3}{\376\377\000D\000i\000c\000a\000s\000\040\000s\000o\000b\000r\000e\000\040\000r\000e\000d\000a\000\347\000\343\000o\000\040\000d\000e\000\040\000C\000o\000n\000c\000l\000u\000s\000\343\000o}{chapter.6}% 60
\BOOKMARK [0][-]{appendix.A}{\376\377\000L\000i\000s\000t\000a\000\040\000d\000o\000s\000\040\000p\000r\000i\000n\000c\000i\000p\000a\000i\000s\000\040\000s\000\355\000m\000b\000o\000l\000o\000s\000\040\000e\000\040\000a\000b\000r\000e\000v\000i\000a\000\347\000\365\000e\000s}{}% 61
\BOOKMARK [1][-]{section.A.1}{\376\377\000A\000b\000r\000e\000v\000i\000a\000\347\000\365\000e\000s}{appendix.A}% 62
\BOOKMARK [1][-]{section.A.2}{\376\377\000P\000r\000i\000n\000c\000i\000p\000a\000i\000s\000\040\000s\000\355\000m\000b\000o\000l\000o\000s\000\040\000u\000t\000i\000l\000i\000z\000a\000d\000o\000s}{appendix.A}% 63
\BOOKMARK [1][-]{section.A.3}{\376\377\000N\000o\000m\000e\000n\000c\000l\000a\000t\000u\000r\000a}{appendix.A}% 64
\BOOKMARK [0][-]{section.A.3}{\376\377\000R\000e\000f\000e\000r\000\352\000n\000c\000i\000a\000s}{}% 65
